app/build/outputs/logs/manifest-merger-release-report.txt
-- Merging decision tree log ---
manifest
ADDED from source/app/AndroidManifest.xml:2:1-190:12
	package
		ADDED from source/app/AndroidManifest.xml:3:5-46
		INJECTED from source/app/AndroidManifest.xml
		INJECTED from source/app/AndroidManifest.xml
	android:versionName
		ADDED from source/app/AndroidManifest.xml:5:5-32
		INJECTED from source/app/AndroidManifest.xml
		INJECTED from source/app/AndroidManifest.xml
	android:versionCode
		ADDED from source/app/AndroidManifest.xml:4:5-29
		INJECTED from source/app/AndroidManifest.xml
		INJECTED from source/app/AndroidManifest.xml
	xmlns:android
		ADDED from source/app/AndroidManifest.xml:2:11-69
uses-sdk
ADDED from source/app/AndroidManifest.xml:7:5-9:41
MERGED from [source.libraries:pullToRefreshLib:unspecified] AndroidManifest.xml:7:5-9:41
MERGED from [source:BaristaPushNewSDK:unspecified] AndroidManifest.xml:7:5-9:41
MERGED from [com.android.support:appcompat-v7:22.2.1] AndroidManifest.xml:20:5-43
MERGED from [com.android.support:support-v4:23.1.1] AndroidManifest.xml:20:5-43
MERGED from [com.android.support:support-v4:23.1.1] AndroidManifest.xml:20:5-43
MERGED from [com.android.support:recyclerview-v7:23.1.1] AndroidManifest.xml:20:5-43
MERGED from [com.android.support:support-v4:23.1.1] AndroidManifest.xml:20:5-43
MERGED from [source.libraries:google-play-services_lib:unspecified] AndroidManifest.xml:23:5-25:41
	android:targetSdkVersion
		ADDED from source/app/AndroidManifest.xml:9:9-38
		INJECTED from source/app/AndroidManifest.xml
		INJECTED from source/app/AndroidManifest.xml
	android:minSdkVersion
		ADDED from source/app/AndroidManifest.xml:8:9-34
		INJECTED from source/app/AndroidManifest.xml
		INJECTED from source/app/AndroidManifest.xml
uses-permission#android.permission.INTERNET
ADDED from source/app/AndroidManifest.xml:11:5-67
MERGED from [source:BaristaPushNewSDK:unspecified] AndroidManifest.xml:33:5-67
	android:name
		ADDED from source/app/AndroidManifest.xml:11:22-64
uses-permission#android.permission.WRITE_EXTERNAL_STORAGE
ADDED from source/app/AndroidManifest.xml:12:5-81
MERGED from [source:BaristaPushNewSDK:unspecified] AndroidManifest.xml:39:5-81
	android:name
		ADDED from source/app/AndroidManifest.xml:12:22-78
uses-permission#android.permission.ACCESS_NETWORK_STATE
ADDED from source/app/AndroidManifest.xml:13:5-79
MERGED from [source:BaristaPushNewSDK:unspecified] AndroidManifest.xml:34:5-79
	android:name
		ADDED from source/app/AndroidManifest.xml:13:22-76
uses-permission#android.permission.READ_PHONE_STATE
ADDED from source/app/AndroidManifest.xml:16:5-75
MERGED from [source:BaristaPushNewSDK:unspecified] AndroidManifest.xml:42:5-75
	android:name
		ADDED from source/app/AndroidManifest.xml:16:22-72
uses-permission#android.permission.ACCESS_WIFI_STATE
ADDED from source/app/AndroidManifest.xml:17:5-76
	android:name
		ADDED from source/app/AndroidManifest.xml:17:22-73
uses-permission#android.permission.ACCESS_FINE_LOCATION
ADDED from source/app/AndroidManifest.xml:20:5-79
MERGED from [source:BaristaPushNewSDK:unspecified] AndroidManifest.xml:41:5-79
	android:name
		ADDED from source/app/AndroidManifest.xml:20:22-76
permission#.permission.MAPS_RECEIVE
ADDED from source/app/AndroidManifest.xml:21:5-23:47
	android:protectionLevel
		ADDED from source/app/AndroidManifest.xml:23:9-44
	android:name
		ADDED from source/app/AndroidManifest.xml:22:9-48
uses-permission#.permission.MAPS_RECEIVE
ADDED from source/app/AndroidManifest.xml:25:5-64
	android:name
		ADDED from source/app/AndroidManifest.xml:25:22-61
uses-permission#com.google.android.providers.gsf.permission.READ_GSERVICES
ADDED from source/app/AndroidManifest.xml:26:5-98
	android:name
		ADDED from source/app/AndroidManifest.xml:26:22-95
uses-permission#android.permission.ACCESS_COARSE_LOCATION
ADDED from source/app/AndroidManifest.xml:29:5-81
	android:name
		ADDED from source/app/AndroidManifest.xml:29:22-78
permission#hotelokura.jalhotels.oneharmony.permission.C2D_MESSAGE
ADDED from source/app/AndroidManifest.xml:32:5-34:47
	android:protectionLevel
		ADDED from source/app/AndroidManifest.xml:34:9-44
	android:name
		ADDED from source/app/AndroidManifest.xml:33:9-78
uses-permission#hotelokura.jalhotels.oneharmony.permission.C2D_MESSAGE
ADDED from source/app/AndroidManifest.xml:35:5-94
	android:name
		ADDED from source/app/AndroidManifest.xml:35:22-91
uses-permission#com.google.android.c2dm.permission.RECEIVE
ADDED from source/app/AndroidManifest.xml:37:5-82
MERGED from [source:BaristaPushNewSDK:unspecified] AndroidManifest.xml:38:5-82
	android:name
		ADDED from source/app/AndroidManifest.xml:37:22-79
uses-permission#android.permission.GET_ACCOUNTS
ADDED from source/app/AndroidManifest.xml:39:5-71
MERGED from [source:BaristaPushNewSDK:unspecified] AndroidManifest.xml:35:5-71
	android:name
		ADDED from source/app/AndroidManifest.xml:39:22-68
uses-permission#android.permission.WAKE_LOCK
ADDED from source/app/AndroidManifest.xml:41:5-68
MERGED from [source:BaristaPushNewSDK:unspecified] AndroidManifest.xml:36:5-68
	android:name
		ADDED from source/app/AndroidManifest.xml:41:22-65
uses-permission#android.permission.VIBRATE
ADDED from source/app/AndroidManifest.xml:43:5-66
MERGED from [source:BaristaPushNewSDK:unspecified] AndroidManifest.xml:37:5-66
	android:name
		ADDED from source/app/AndroidManifest.xml:43:22-63
application
ADDED from source/app/AndroidManifest.xml:46:5-188:19
MERGED from [source.libraries:pullToRefreshLib:unspecified] AndroidManifest.xml:11:5-20
MERGED from [source:BaristaPushNewSDK:unspecified] AndroidManifest.xml:48:5-79:19
MERGED from [com.android.support:appcompat-v7:22.2.1] AndroidManifest.xml:22:5-20
MERGED from [com.android.support:support-v4:23.1.1] AndroidManifest.xml:22:5-20
MERGED from [com.android.support:support-v4:23.1.1] AndroidManifest.xml:22:5-20
MERGED from [com.android.support:support-v4:23.1.1] AndroidManifest.xml:22:5-20
MERGED from [source.libraries:google-play-services_lib:unspecified] AndroidManifest.xml:27:5-20
	android:label
		ADDED from source/app/AndroidManifest.xml:50:9-41
	android:allowBackup
		ADDED from source/app/AndroidManifest.xml:48:9-35
	android:icon
		ADDED from source/app/AndroidManifest.xml:49:9-45
	android:theme
		ADDED from source/app/AndroidManifest.xml:51:9-40
	android:name
		ADDED from source/app/AndroidManifest.xml:47:9-40
meta-data#com.google.android.maps.v2.API_KEY
ADDED from source/app/AndroidManifest.xml:52:9-54:71
	android:value
		ADDED from source/app/AndroidManifest.xml:54:13-68
	android:name
		ADDED from source/app/AndroidManifest.xml:53:13-62
meta-data#com.google.android.gms.version
ADDED from source/app/AndroidManifest.xml:55:9-57:69
MERGED from [source:BaristaPushNewSDK:unspecified] AndroidManifest.xml:51:9-53:69
	android:value
		ADDED from source/app/AndroidManifest.xml:57:13-66
	android:name
		ADDED from source/app/AndroidManifest.xml:56:13-58
activity#hotelokura.jalhotels.oneharmony.activity.MainActivity
ADDED from source/app/AndroidManifest.xml:59:9-70:20
	android:label
		ADDED from source/app/AndroidManifest.xml:62:13-45
	android:launchMode
		ADDED from source/app/AndroidManifest.xml:63:13-44
	android:noHistory
		ADDED from source/app/AndroidManifest.xml:64:13-37
	android:configChanges
		ADDED from source/app/AndroidManifest.xml:61:13-59
	android:theme
		ADDED from source/app/AndroidManifest.xml:65:13-77
	android:name
		ADDED from source/app/AndroidManifest.xml:60:13-50
intent-filter#android.intent.action.MAIN+android.intent.category.LAUNCHER
ADDED from source/app/AndroidManifest.xml:66:13-69:29
action#android.intent.action.MAIN
ADDED from source/app/AndroidManifest.xml:67:17-69
	android:name
		ADDED from source/app/AndroidManifest.xml:67:25-66
category#android.intent.category.LAUNCHER
ADDED from source/app/AndroidManifest.xml:68:17-77
	android:name
		ADDED from source/app/AndroidManifest.xml:68:27-74
activity#hotelokura.jalhotels.oneharmony.brand_preview.PreviewLoginActivity
ADDED from source/app/AndroidManifest.xml:71:9-75:49
	android:label
		ADDED from source/app/AndroidManifest.xml:73:13-45
	android:launchMode
		ADDED from source/app/AndroidManifest.xml:74:13-44
	android:noHistory
		ADDED from source/app/AndroidManifest.xml:75:13-37
	android:name
		ADDED from source/app/AndroidManifest.xml:72:13-63
activity#hotelokura.jalhotels.oneharmony.brand_preview.PreviewMenuActivity
ADDED from source/app/AndroidManifest.xml:76:9-79:56
	android:label
		ADDED from source/app/AndroidManifest.xml:78:13-45
	android:launchMode
		ADDED from source/app/AndroidManifest.xml:79:13-44
	android:name
		ADDED from source/app/AndroidManifest.xml:77:13-62
activity#hotelokura.jalhotels.oneharmony.activity.splash.SplashActivity
ADDED from source/app/AndroidManifest.xml:80:9-84:89
	android:label
		ADDED from source/app/AndroidManifest.xml:83:13-45
	android:configChanges
		ADDED from source/app/AndroidManifest.xml:82:13-59
	android:theme
		ADDED from source/app/AndroidManifest.xml:84:13-77
	android:name
		ADDED from source/app/AndroidManifest.xml:81:13-59
activity#hotelokura.jalhotels.oneharmony.activity.coverflow.CoverFlowActivity
ADDED from source/app/AndroidManifest.xml:85:9-87:71
	android:configChanges
		ADDED from source/app/AndroidManifest.xml:87:13-59
	android:name
		ADDED from source/app/AndroidManifest.xml:86:13-65
activity#hotelokura.jalhotels.oneharmony.activity.cataloglist.CatalogListActivity
ADDED from source/app/AndroidManifest.xml:88:9-90:71
	android:configChanges
		ADDED from source/app/AndroidManifest.xml:90:13-59
	android:name
		ADDED from source/app/AndroidManifest.xml:89:13-69
activity#hotelokura.jalhotels.oneharmony.activity.catalog.CatalogActivity
ADDED from source/app/AndroidManifest.xml:91:9-94:60
	android:hardwareAccelerated
		ADDED from source/app/AndroidManifest.xml:94:13-48
	android:configChanges
		ADDED from source/app/AndroidManifest.xml:93:13-59
	android:name
		ADDED from source/app/AndroidManifest.xml:92:13-61
activity#hotelokura.jalhotels.oneharmony.activity.bookmark.BookmarkActivity
ADDED from source/app/AndroidManifest.xml:95:9-97:71
	android:configChanges
		ADDED from source/app/AndroidManifest.xml:97:13-59
	android:name
		ADDED from source/app/AndroidManifest.xml:96:13-63
activity#hotelokura.jalhotels.oneharmony.activity.help.HelpActivity
ADDED from source/app/AndroidManifest.xml:98:9-100:71
	android:configChanges
		ADDED from source/app/AndroidManifest.xml:100:13-59
	android:name
		ADDED from source/app/AndroidManifest.xml:99:13-55
activity#hotelokura.jalhotels.oneharmony.activity.info.InfoActivity
ADDED from source/app/AndroidManifest.xml:101:9-103:71
	android:configChanges
		ADDED from source/app/AndroidManifest.xml:103:13-59
	android:name
		ADDED from source/app/AndroidManifest.xml:102:13-55
activity#hotelokura.jalhotels.oneharmony.activity.web.WebViewActivity
ADDED from source/app/AndroidManifest.xml:104:9-106:71
	android:configChanges
		ADDED from source/app/AndroidManifest.xml:106:13-59
	android:name
		ADDED from source/app/AndroidManifest.xml:105:13-57
activity#hotelokura.jalhotels.oneharmony.activity.map.MapActivity
ADDED from source/app/AndroidManifest.xml:107:9-109:62
	android:configChanges
		ADDED from source/app/AndroidManifest.xml:109:13-59
	android:name
		ADDED from source/app/AndroidManifest.xml:108:13-53
activity#hotelokura.jalhotels.oneharmony.activity.webtop.WebTopActivity
ADDED from source/app/AndroidManifest.xml:110:9-112:62
	android:configChanges
		ADDED from source/app/AndroidManifest.xml:112:13-59
	android:name
		ADDED from source/app/AndroidManifest.xml:111:13-59
activity#hotelokura.jalhotels.oneharmony.activity.news.NewsActivity
ADDED from source/app/AndroidManifest.xml:113:9-116:50
	android:label
		ADDED from source/app/AndroidManifest.xml:116:13-47
	android:configChanges
		ADDED from source/app/AndroidManifest.xml:115:13-59
	android:name
		ADDED from source/app/AndroidManifest.xml:114:13-55
activity#hotelokura.jalhotels.oneharmony.activity.ActivityLogin
ADDED from source/app/AndroidManifest.xml:117:9-120:57
	android:windowSoftInputMode
		ADDED from source/app/AndroidManifest.xml:120:13-54
	android:configChanges
		ADDED from source/app/AndroidManifest.xml:119:13-59
	android:name
		ADDED from source/app/AndroidManifest.xml:118:13-51
activity#hotelokura.jalhotels.oneharmony.activity.ActivityReservation
ADDED from source/app/AndroidManifest.xml:121:9-124:57
	android:windowSoftInputMode
		ADDED from source/app/AndroidManifest.xml:124:13-54
	android:configChanges
		ADDED from source/app/AndroidManifest.xml:123:13-59
	android:name
		ADDED from source/app/AndroidManifest.xml:122:13-57
activity#hotelokura.jalhotels.oneharmony.activity.news.NewsDetailActivity
ADDED from source/app/AndroidManifest.xml:125:9-128:50
	android:label
		ADDED from source/app/AndroidManifest.xml:128:13-47
	android:configChanges
		ADDED from source/app/AndroidManifest.xml:127:13-59
	android:name
		ADDED from source/app/AndroidManifest.xml:126:13-61
activity#com.google.android.gms.ads.AdActivity
ADDED from source/app/AndroidManifest.xml:129:9-131:125
	android:configChanges
		ADDED from source/app/AndroidManifest.xml:131:13-122
	android:name
		ADDED from source/app/AndroidManifest.xml:130:13-65
activity#com.tapjoy.TJCOffersWebView
ADDED from source/app/AndroidManifest.xml:134:9-136:77
	android:configChanges
		ADDED from source/app/AndroidManifest.xml:136:13-74
	android:name
		ADDED from source/app/AndroidManifest.xml:135:13-55
activity#com.tapjoy.TapjoyFullScreenAdWebView
ADDED from source/app/AndroidManifest.xml:137:9-139:77
	android:configChanges
		ADDED from source/app/AndroidManifest.xml:139:13-74
	android:name
		ADDED from source/app/AndroidManifest.xml:138:13-64
activity#com.tapjoy.TapjoyVideoView
ADDED from source/app/AndroidManifest.xml:140:9-142:77
	android:configChanges
		ADDED from source/app/AndroidManifest.xml:142:13-74
	android:name
		ADDED from source/app/AndroidManifest.xml:141:13-54
activity#com.tapjoy.TJAdUnitView
ADDED from source/app/AndroidManifest.xml:143:9-147:86
	android:hardwareAccelerated
		ADDED from source/app/AndroidManifest.xml:146:13-47
	android:configChanges
		ADDED from source/app/AndroidManifest.xml:145:13-74
	android:theme
		ADDED from source/app/AndroidManifest.xml:147:13-83
	android:name
		ADDED from source/app/AndroidManifest.xml:144:13-51
activity#com.tapjoy.mraid.view.ActionHandler
ADDED from source/app/AndroidManifest.xml:148:9-150:77
	android:configChanges
		ADDED from source/app/AndroidManifest.xml:150:13-74
	android:name
		ADDED from source/app/AndroidManifest.xml:149:13-63
activity#com.tapjoy.mraid.view.Browser
ADDED from source/app/AndroidManifest.xml:151:9-153:77
	android:configChanges
		ADDED from source/app/AndroidManifest.xml:153:13-74
	android:name
		ADDED from source/app/AndroidManifest.xml:152:13-57
receiver#com.baristapushsdk.gcm.GcmBroadcastReveiver
ADDED from source/app/AndroidManifest.xml:157:9-166:20
	android:permission
		ADDED from source/app/AndroidManifest.xml:159:13-73
	android:name
		ADDED from source/app/AndroidManifest.xml:158:13-71
intent-filter#com.baristapushsdk+com.google.android.c2dm.intent.RECEIVE+com.google.android.c2dm.intent.REGISTRATION
ADDED from source/app/AndroidManifest.xml:160:13-165:29
action#com.google.android.c2dm.intent.RECEIVE
ADDED from source/app/AndroidManifest.xml:161:17-81
	android:name
		ADDED from source/app/AndroidManifest.xml:161:25-78
action#com.google.android.c2dm.intent.REGISTRATION
ADDED from source/app/AndroidManifest.xml:162:17-86
	android:name
		ADDED from source/app/AndroidManifest.xml:162:25-83
category#com.baristapushsdk
ADDED from source/app/AndroidManifest.xml:164:17-63
	android:name
		ADDED from source/app/AndroidManifest.xml:164:27-60
service#com.baristapushsdk.gcm.GcmIntentService
ADDED from source/app/AndroidManifest.xml:167:9-75
	android:name
		ADDED from source/app/AndroidManifest.xml:167:18-72
receiver#hotelokura.jalhotels.oneharmony.receiver.TestReceiver
ADDED from source/app/AndroidManifest.xml:182:9-186:20
	android:name
		ADDED from source/app/AndroidManifest.xml:182:19-56
intent-filter#test.android.intent.action.TEST1
ADDED from source/app/AndroidManifest.xml:183:13-185:29
action#test.android.intent.action.TEST1
ADDED from source/app/AndroidManifest.xml:184:17-75
	android:name
		ADDED from source/app/AndroidManifest.xml:184:25-72
uses-permission#com.android.launcher.permission.READ_SETTINGS
ADDED from [source:BaristaPushNewSDK:unspecified] AndroidManifest.xml:12:5-85
	android:name
		ADDED from [source:BaristaPushNewSDK:unspecified] AndroidManifest.xml:12:22-82
uses-permission#com.android.launcher.permission.WRITE_SETTINGS
ADDED from [source:BaristaPushNewSDK:unspecified] AndroidManifest.xml:13:5-86
	android:name
		ADDED from [source:BaristaPushNewSDK:unspecified] AndroidManifest.xml:13:22-83
uses-permission#com.android.launcher.permission.INSTALL_SHORTCUT
ADDED from [source:BaristaPushNewSDK:unspecified] AndroidManifest.xml:14:5-88
	android:name
		ADDED from [source:BaristaPushNewSDK:unspecified] AndroidManifest.xml:14:22-85
uses-permission#com.android.launcher.permission.UNINSTALL_SHORTCUT
ADDED from [source:BaristaPushNewSDK:unspecified] AndroidManifest.xml:15:5-90
	android:name
		ADDED from [source:BaristaPushNewSDK:unspecified] AndroidManifest.xml:15:22-87
uses-permission#com.sec.android.provider.badge.permission.READ
ADDED from [source:BaristaPushNewSDK:unspecified] AndroidManifest.xml:18:5-86
	android:name
		ADDED from [source:BaristaPushNewSDK:unspecified] AndroidManifest.xml:18:22-83
uses-permission#com.sec.android.provider.badge.permission.WRITE
ADDED from [source:BaristaPushNewSDK:unspecified] AndroidManifest.xml:19:5-87
	android:name
		ADDED from [source:BaristaPushNewSDK:unspecified] AndroidManifest.xml:19:22-84
uses-permission#com.htc.launcher.permission.READ_SETTINGS
ADDED from [source:BaristaPushNewSDK:unspecified] AndroidManifest.xml:22:5-81
	android:name
		ADDED from [source:BaristaPushNewSDK:unspecified] AndroidManifest.xml:22:22-78
uses-permission#com.htc.launcher.permission.UPDATE_SHORTCUT
ADDED from [source:BaristaPushNewSDK:unspecified] AndroidManifest.xml:23:5-83
	android:name
		ADDED from [source:BaristaPushNewSDK:unspecified] AndroidManifest.xml:23:22-80
uses-permission#com.sonyericsson.home.permission.BROADCAST_BADGE
ADDED from [source:BaristaPushNewSDK:unspecified] AndroidManifest.xml:26:5-88
	android:name
		ADDED from [source:BaristaPushNewSDK:unspecified] AndroidManifest.xml:26:22-85
uses-permission#com.anddoes.launcher.permission.UPDATE_COUNT
ADDED from [source:BaristaPushNewSDK:unspecified] AndroidManifest.xml:29:5-84
	android:name
		ADDED from [source:BaristaPushNewSDK:unspecified] AndroidManifest.xml:29:22-81
uses-permission#com.majeur.launcher.permission.UPDATE_BADGE
ADDED from [source:BaristaPushNewSDK:unspecified] AndroidManifest.xml:32:5-83
	android:name
		ADDED from [source:BaristaPushNewSDK:unspecified] AndroidManifest.xml:32:22-80
uses-permission#android.permission.READ_EXTERNAL_STORAGE
ADDED from [source:BaristaPushNewSDK:unspecified] AndroidManifest.xml:40:5-80
	android:name
		ADDED from [source:BaristaPushNewSDK:unspecified] AndroidManifest.xml:40:22-77
activity#com.baristapushsdk.ui.MessageListSDK
ADDED from [source:BaristaPushNewSDK:unspecified] AndroidManifest.xml:55:9-59:63
	android:screenOrientation
		ADDED from [source:BaristaPushNewSDK:unspecified] AndroidManifest.xml:58:13-55
	android:launchMode
		ADDED from [source:BaristaPushNewSDK:unspecified] AndroidManifest.xml:57:13-48
	android:theme
		ADDED from [source:BaristaPushNewSDK:unspecified] AndroidManifest.xml:59:13-60
	android:name
		ADDED from [source:BaristaPushNewSDK:unspecified] AndroidManifest.xml:56:13-64
activity#com.baristapushsdk.ui.MessageDetailSDK
ADDED from [source:BaristaPushNewSDK:unspecified] AndroidManifest.xml:60:9-63:63
	android:screenOrientation
		ADDED from [source:BaristaPushNewSDK:unspecified] AndroidManifest.xml:62:13-55
	android:theme
		ADDED from [source:BaristaPushNewSDK:unspecified] AndroidManifest.xml:63:13-60
	android:name
		ADDED from [source:BaristaPushNewSDK:unspecified] AndroidManifest.xml:61:13-66
activity#com.baristapushsdk.ui.ReadMoreActivity
ADDED from [source:BaristaPushNewSDK:unspecified] AndroidManifest.xml:75:9-78:63
	android:screenOrientation
		ADDED from [source:BaristaPushNewSDK:unspecified] AndroidManifest.xml:77:13-55
	android:theme
		ADDED from [source:BaristaPushNewSDK:unspecified] AndroidManifest.xml:78:13-60
	android:name
		ADDED from [source:BaristaPushNewSDK:unspecified] AndroidManifest.xml:76:13-66